Using pre-set license
Built from '2021.1/staging' branch; Version is '2021.1.27f1 (7e296a84045d) revision 8268138'; Using compiler version '192528614'; Build Type 'Release'
OS: 'Windows 10 Pro; OS build 19042.1348; Version 2009; 64bit' Language: 'es' Physical Memory: 8151 MB
BatchMode: 1, IsHumanControllingUs: 0, StartBugReporterOnCrash: 0, Is64bit: 1, IsPro: 0

COMMAND LINE ARGUMENTS:
D:\versiones unity\2021.1.27f1\Editor\Unity.exe
-adb2
-batchMode
-noUpm
-name
AssetImportWorker0
-projectPath
C:/Users/Jose Gi/Desktop/GitHub/Fighter2D_Grupo_3/Fighter2D_Grupo_3_Unity
-logFile
Logs/AssetImportWorker0.log
-srvPort
16112
Successfully changed project path to: C:/Users/Jose Gi/Desktop/GitHub/Fighter2D_Grupo_3/Fighter2D_Grupo_3_Unity
C:/Users/Jose Gi/Desktop/GitHub/Fighter2D_Grupo_3/Fighter2D_Grupo_3_Unity
Using Asset Import Pipeline V2.
Refreshing native plugins compatible for Editor in 296.89 ms, found 4 plugins.
Preloading 0 native plugins for Editor in 0.00 ms.
Initialize engine version: 2021.1.27f1 (7e296a84045d)
[Subsystems] Discovering subsystems at path D:/versiones unity/2021.1.27f1/Editor/Data/Resources/UnitySubsystems
[Subsystems] Discovering subsystems at path C:/Users/Jose Gi/Desktop/GitHub/Fighter2D_Grupo_3/Fighter2D_Grupo_3_Unity/Assets
GfxDevice: creating device client; threaded=0; jobified=0
Direct3D:
    Version:  Direct3D 11.0 [level 11.0]
    Renderer: AMD Radeon HD 7600M Series (ID=0x6840)
    Vendor:   ATI
    VRAM:     2028 MB
    Driver:   15.301.1901.0
Initialize mono
Mono path[0] = 'D:/versiones unity/2021.1.27f1/Editor/Data/Managed'
Mono path[1] = 'D:/versiones unity/2021.1.27f1/Editor/Data/MonoBleedingEdge/lib/mono/unityjit'
Mono config path = 'D:/versiones unity/2021.1.27f1/Editor/Data/MonoBleedingEdge/etc'
Using monoOptions --debugger-agent=transport=dt_socket,embedding=1,server=y,suspend=n,address=127.0.0.1:56936
Begin MonoManager ReloadAssembly
Registering precompiled unity dll's ...
Register platform support module: D:/versiones unity/2021.1.27f1/Editor/Data/PlaybackEngines/WindowsStandaloneSupport/UnityEditor.WindowsStandalone.Extensions.dll
Registered in 0.001497 seconds.
Native extension for WindowsStandalone target not found
Refreshing native plugins compatible for Editor in 234.72 ms, found 4 plugins.
Preloading 0 native plugins for Editor in 0.00 ms.
Mono: successfully reloaded assembly
- Completed reload, in  2.711 seconds
Domain Reload Profiling:
	ReloadAssembly (2711ms)
		BeginReloadAssembly (111ms)
			ExecutionOrderSort (0ms)
			DisableScriptedObjects (0ms)
			BackupInstance (0ms)
			ReleaseScriptingObjects (0ms)
			CreateAndSetChildDomain (2ms)
		EndReloadAssembly (1028ms)
			LoadAssemblies (108ms)
			RebuildTransferFunctionScriptingTraits (0ms)
			SetupTypeCache (276ms)
			ReleaseScriptCaches (0ms)
			RebuildScriptCaches (57ms)
			SetupLoadedEditorAssemblies (613ms)
				LogAssemblyErrors (0ms)
				InitializePlatformSupportModulesInManaged (12ms)
				SetLoadedEditorAssemblies (0ms)
				RefreshPlugins (235ms)
				BeforeProcessingInitializeOnLoad (3ms)
				ProcessInitializeOnLoadAttributes (289ms)
				ProcessInitializeOnLoadMethodAttributes (74ms)
				AfterProcessingInitializeOnLoad (0ms)
				EditorAssembliesLoaded (0ms)
			ExecutionOrderSort2 (0ms)
			AwakeInstancesAfterBackupRestoration (0ms)
Platform modules already initialized, skipping
Registering precompiled user dll's ...
Registered in 0.012808 seconds.
Begin MonoManager ReloadAssembly
Symbol file LoadedFromMemory doesn't match image C:\Users\Jose Gi\Desktop\GitHub\Fighter2D_Grupo_3\Fighter2D_Grupo_3_Unity\Library\PackageCache\com.unity.visualscripting@1.6.1\Editor\VisualScripting.Core\Dependencies\YamlDotNet\Unity.VisualScripting.YamlDotNet.dll
Symbol file LoadedFromMemory doesn't match image C:\Users\Jose Gi\Desktop\GitHub\Fighter2D_Grupo_3\Fighter2D_Grupo_3_Unity\Library\PackageCache\com.unity.visualscripting@1.6.1\Editor\VisualScripting.Core\Dependencies\DotNetZip\Unity.VisualScripting.IonicZip.dll
Native extension for WindowsStandalone target not found
Refreshing native plugins compatible for Editor in 172.69 ms, found 4 plugins.
Preloading 0 native plugins for Editor in 0.00 ms.
Mono: successfully reloaded assembly
- Completed reload, in  2.189 seconds
Domain Reload Profiling:
	ReloadAssembly (2190ms)
		BeginReloadAssembly (233ms)
			ExecutionOrderSort (0ms)
			DisableScriptedObjects (7ms)
			BackupInstance (0ms)
			ReleaseScriptingObjects (0ms)
			CreateAndSetChildDomain (30ms)
		EndReloadAssembly (1867ms)
			LoadAssemblies (142ms)
			RebuildTransferFunctionScriptingTraits (0ms)
			SetupTypeCache (743ms)
			ReleaseScriptCaches (1ms)
			RebuildScriptCaches (87ms)
			SetupLoadedEditorAssemblies (736ms)
				LogAssemblyErrors (0ms)
				InitializePlatformSupportModulesInManaged (5ms)
				SetLoadedEditorAssemblies (0ms)
				RefreshPlugins (173ms)
				BeforeProcessingInitializeOnLoad (144ms)
				ProcessInitializeOnLoadAttributes (374ms)
				ProcessInitializeOnLoadMethodAttributes (35ms)
				AfterProcessingInitializeOnLoad (4ms)
				EditorAssembliesLoaded (0ms)
			ExecutionOrderSort2 (0ms)
			AwakeInstancesAfterBackupRestoration (11ms)
Platform modules already initialized, skipping
========================================================================
Worker process is ready to serve import requests
Launched and connected shader compiler UnityShaderCompiler.exe after 0.10 seconds
Refreshing native plugins compatible for Editor in 1.62 ms, found 4 plugins.
Preloading 0 native plugins for Editor in 0.00 ms.
Unloading 3796 Unused Serialized files (Serialized files now loaded: 0)
System memory in use before: 141.6 MB.
System memory in use after: 141.8 MB.

Unloading 33 unused Assets to reduce memory usage. Loaded Objects now: 4244.
Total: 8.860500 ms (FindLiveObjects: 0.568000 ms CreateObjectMapping: 0.400200 ms MarkObjects: 7.770100 ms  DeleteObjects: 0.119700 ms)

AssetImportParameters requested are different than current active one (requested -> active):
  custom:framework-win-MediaFoundation: 216162199b28c13a410421893ffa2e32 -> 
  custom:video-decoder-ogg-theora: a1e56fd34408186e4bbccfd4996cb3dc -> 
  custom:container-muxer-webm: aa71ff27fc2769a1b78a27578f13a17b -> 
  custom:container-demuxer-webm: 4f35f7cbe854078d1ac9338744f61a02 -> 
  custom:container-demuxer-ogg: 62fdf1f143b41e24485cea50d1cbac27 -> 
  custom:video-encoder-webm-vp8: eb34c28f22e8b96e1ab97ce403110664 -> 
  custom:video-decoder-webm-vp8: 9c59270c3fd7afecdb556c50c9e8de78 -> 
  custom:audio-decoder-ogg-vorbis: bf7c407c2cedff20999df2af8eb42d56 -> 
  custom:audio-encoder-webm-vorbis: bf7c407c2cedff20999df2af8eb42d56 -> 
========================================================================
Received Import Request.
  path: Assets/Scripts/Player Scripts/Alvaro/PlayerAttack.cs
  artifactKey: Guid(fb54d1aa18a56de4e957c63e0a3fb1b3) Importer(815301076,1909f56bfc062723c751e8b465ee728b)
Start importing Assets/Scripts/Player Scripts/Alvaro/PlayerAttack.cs using Guid(fb54d1aa18a56de4e957c63e0a3fb1b3) Importer(815301076,1909f56bfc062723c751e8b465ee728b)  -> (artifact id: '6475c2d08e16f867fdcb789af48c5b35') in 0.094113 seconds 
========================================================================
Received Import Request.
  Time since last request: 0.000398 seconds.
  path: Assets/Scripts/Player Scripts/Alvaro/AttackProperties.cs
  artifactKey: Guid(bc2c9b3342497654bbb972e505cf3f5c) Importer(815301076,1909f56bfc062723c751e8b465ee728b)
Start importing Assets/Scripts/Player Scripts/Alvaro/AttackProperties.cs using Guid(bc2c9b3342497654bbb972e505cf3f5c) Importer(815301076,1909f56bfc062723c751e8b465ee728b)  -> (artifact id: 'eb6de745de03e05d150d5d361507aca2') in 0.010461 seconds 
========================================================================
Received Import Request.
  Time since last request: 0.000360 seconds.
  path: Assets/Scripts/Player Scripts/Alvaro
  artifactKey: Guid(df3329dbf8ba6ad4d9e98a30391d31ab) Importer(815301076,1909f56bfc062723c751e8b465ee728b)
Start importing Assets/Scripts/Player Scripts/Alvaro using Guid(df3329dbf8ba6ad4d9e98a30391d31ab) Importer(815301076,1909f56bfc062723c751e8b465ee728b)  -> (artifact id: '9991fd941d5f22cb1ae5ceb560b63ba8') in 0.010370 seconds 
========================================================================
Received Import Request.
  Time since last request: 27.538505 seconds.
  path: Assets/Scripts/Otros Scripts
  artifactKey: Guid(9d03d618f0c790a4fb36639cc66a18f4) Importer(815301076,1909f56bfc062723c751e8b465ee728b)
Start importing Assets/Scripts/Otros Scripts using Guid(9d03d618f0c790a4fb36639cc66a18f4) Importer(815301076,1909f56bfc062723c751e8b465ee728b)  -> (artifact id: 'b26f4672e2dcbe6d25faa6ce4b17bc0d') in 0.013821 seconds 
========================================================================
Received Import Request.
  Time since last request: 1.822515 seconds.
  path: Assets/Scripts/Otros Scripts/Delia
  artifactKey: Guid(a6132a2baba572847a78b9249e25bfc8) Importer(815301076,1909f56bfc062723c751e8b465ee728b)
Start importing Assets/Scripts/Otros Scripts/Delia using Guid(a6132a2baba572847a78b9249e25bfc8) Importer(815301076,1909f56bfc062723c751e8b465ee728b)  -> (artifact id: '192f9460aae82fa985888a721ac90cfe') in 0.008335 seconds 
========================================================================
Received Import Request.
  Time since last request: 0.911629 seconds.
  path: Assets/Scripts/Otros Scripts/Delia/AtravesablePlatform.cs
  artifactKey: Guid(9c62fa8508dae6a42bb6cf2533bac651) Importer(815301076,1909f56bfc062723c751e8b465ee728b)
Start importing Assets/Scripts/Otros Scripts/Delia/AtravesablePlatform.cs using Guid(9c62fa8508dae6a42bb6cf2533bac651) Importer(815301076,1909f56bfc062723c751e8b465ee728b)  -> (artifact id: 'a385fdcf558cc1264e2ed6e24e05b31b') in 0.009176 seconds 
========================================================================
Received Import Request.
  Time since last request: 69.517171 seconds.
  path: Assets/Scripts/Otros Scripts/Jose
  artifactKey: Guid(987fb20157461054f96a304a1d9898df) Importer(815301076,1909f56bfc062723c751e8b465ee728b)
Start importing Assets/Scripts/Otros Scripts/Jose using Guid(987fb20157461054f96a304a1d9898df) Importer(815301076,1909f56bfc062723c751e8b465ee728b)  -> (artifact id: '3951345f766ced71072b6191a64f7d9e') in 0.010621 seconds 
========================================================================
Received Import Request.
  Time since last request: 4.556749 seconds.
  path: Assets/Scripts/UI Scripts/Jose
  artifactKey: Guid(0dfa063df981b0a4fbce932888021add) Importer(815301076,1909f56bfc062723c751e8b465ee728b)
Start importing Assets/Scripts/UI Scripts/Jose using Guid(0dfa063df981b0a4fbce932888021add) Importer(815301076,1909f56bfc062723c751e8b465ee728b)  -> (artifact id: '718e076a3860ddbf630fb673193cf4b6') in 0.003634 seconds 
========================================================================
Received Import Request.
  Time since last request: 4.355777 seconds.
  path: Assets/Scripts/Sound Scripts
  artifactKey: Guid(5b93cd162af7e7c479a727fb893b6671) Importer(815301076,1909f56bfc062723c751e8b465ee728b)
Start importing Assets/Scripts/Sound Scripts using Guid(5b93cd162af7e7c479a727fb893b6671) Importer(815301076,1909f56bfc062723c751e8b465ee728b)  -> (artifact id: '9e7f239bbd349bca228f1c43bbea5c5a') in 0.010811 seconds 
========================================================================
Received Import Request.
  Time since last request: 3.357738 seconds.
  path: Assets/Scenes/GameManager.prefab
  artifactKey: Guid(3acf363ed59255f4a9c93c4f1299709f) Importer(815301076,1909f56bfc062723c751e8b465ee728b)
Start importing Assets/Scenes/GameManager.prefab using Guid(3acf363ed59255f4a9c93c4f1299709f) Importer(815301076,1909f56bfc062723c751e8b465ee728b)  -> (artifact id: '591b93286a943b3595a1c38a47b79899') in 0.059699 seconds 
========================================================================
Received Import Request.
  Time since last request: 2.315138 seconds.
  path: Assets/Sprites/AsimetricPlaceholder.png
  artifactKey: Guid(f2d632b9de56e6d4bbc4ca123542c2b7) Importer(815301076,1909f56bfc062723c751e8b465ee728b)
Start importing Assets/Sprites/AsimetricPlaceholder.png using Guid(f2d632b9de56e6d4bbc4ca123542c2b7) Importer(815301076,1909f56bfc062723c751e8b465ee728b)  -> (artifact id: 'acd059735aa319d2361d37b690b0ad4a') in 0.349529 seconds 
========================================================================
Received Import Request.
  Time since last request: 7.701527 seconds.
  path: Assets/Sound/Musica
  artifactKey: Guid(6f9872594303f364aadde75fb44d36bb) Importer(815301076,1909f56bfc062723c751e8b465ee728b)
Start importing Assets/Sound/Musica using Guid(6f9872594303f364aadde75fb44d36bb) Importer(815301076,1909f56bfc062723c751e8b465ee728b)  -> (artifact id: '8f09c8fffb6aebc06fb5ecfe52f590c1') in 0.010321 seconds 
========================================================================
Received Import Request.
  Time since last request: 0.046097 seconds.
  path: Assets/Sound/Musica/FighterSong_1.mp3
  artifactKey: Guid(ce3ae0ab42f5e5344907ef254a6ff89b) Importer(815301076,1909f56bfc062723c751e8b465ee728b)
Start importing Assets/Sound/Musica/FighterSong_1.mp3 using Guid(ce3ae0ab42f5e5344907ef254a6ff89b) Importer(815301076,1909f56bfc062723c751e8b465ee728b)  -> (artifact id: '55f70e89d86baa73f97cb8b8db26056e') in 0.072769 seconds 
========================================================================
Received Prepare
Registering precompiled user dll's ...
Registered in 0.009000 seconds.
Begin MonoManager ReloadAssembly
Symbol file LoadedFromMemory doesn't match image C:\Users\Jose Gi\Desktop\GitHub\Fighter2D_Grupo_3\Fighter2D_Grupo_3_Unity\Library\PackageCache\com.unity.visualscripting@1.6.1\Editor\VisualScripting.Core\Dependencies\YamlDotNet\Unity.VisualScripting.YamlDotNet.dll
Symbol file LoadedFromMemory doesn't match image C:\Users\Jose Gi\Desktop\GitHub\Fighter2D_Grupo_3\Fighter2D_Grupo_3_Unity\Library\PackageCache\com.unity.visualscripting@1.6.1\Editor\VisualScripting.Core\Dependencies\DotNetZip\Unity.VisualScripting.IonicZip.dll
Native extension for WindowsStandalone target not found
Refreshing native plugins compatible for Editor in 1.08 ms, found 4 plugins.
Preloading 0 native plugins for Editor in 0.00 ms.
Mono: successfully reloaded assembly
- Completed reload, in  1.865 seconds
Domain Reload Profiling:
	ReloadAssembly (1866ms)
		BeginReloadAssembly (190ms)
			ExecutionOrderSort (0ms)
			DisableScriptedObjects (10ms)
			BackupInstance (0ms)
			ReleaseScriptingObjects (0ms)
			CreateAndSetChildDomain (68ms)
		EndReloadAssembly (1575ms)
			LoadAssemblies (146ms)
			RebuildTransferFunctionScriptingTraits (0ms)
			SetupTypeCache (676ms)
			ReleaseScriptCaches (2ms)
			RebuildScriptCaches (80ms)
			SetupLoadedEditorAssemblies (477ms)
				LogAssemblyErrors (0ms)
				InitializePlatformSupportModulesInManaged (7ms)
				SetLoadedEditorAssemblies (1ms)
				RefreshPlugins (1ms)
				BeforeProcessingInitializeOnLoad (103ms)
				ProcessInitializeOnLoadAttributes (341ms)
				ProcessInitializeOnLoadMethodAttributes (20ms)
				AfterProcessingInitializeOnLoad (4ms)
				EditorAssembliesLoaded (0ms)
			ExecutionOrderSort2 (0ms)
			AwakeInstancesAfterBackupRestoration (26ms)
Platform modules already initialized, skipping
Refreshing native plugins compatible for Editor in 1.77 ms, found 4 plugins.
Preloading 0 native plugins for Editor in 0.00 ms.
Unloading 3774 Unused Serialized files (Serialized files now loaded: 0)
System memory in use before: 144.6 MB.
System memory in use after: 144.9 MB.

Unloading 21 unused Assets to reduce memory usage. Loaded Objects now: 4274.
Total: 7.154200 ms (FindLiveObjects: 0.482600 ms CreateObjectMapping: 0.430900 ms MarkObjects: 6.189400 ms  DeleteObjects: 0.048700 ms)

AssetImportParameters requested are different than current active one (requested -> active):
  custom:framework-win-MediaFoundation: 216162199b28c13a410421893ffa2e32 -> 
  custom:video-decoder-ogg-theora: a1e56fd34408186e4bbccfd4996cb3dc -> 
  custom:container-muxer-webm: aa71ff27fc2769a1b78a27578f13a17b -> 
  custom:container-demuxer-webm: 4f35f7cbe854078d1ac9338744f61a02 -> 
  custom:container-demuxer-ogg: 62fdf1f143b41e24485cea50d1cbac27 -> 
  custom:video-encoder-webm-vp8: eb34c28f22e8b96e1ab97ce403110664 -> 
  custom:video-decoder-webm-vp8: 9c59270c3fd7afecdb556c50c9e8de78 -> 
  custom:audio-decoder-ogg-vorbis: bf7c407c2cedff20999df2af8eb42d56 -> 
  custom:audio-encoder-webm-vorbis: bf7c407c2cedff20999df2af8eb42d56 -> 
========================================================================
Received Import Request.
  Time since last request: 243.715083 seconds.
  path: Assets/Scripts/Otros Scripts/Delia/AtravesablePlatform.cs
  artifactKey: Guid(9c62fa8508dae6a42bb6cf2533bac651) Importer(815301076,1909f56bfc062723c751e8b465ee728b)
Start importing Assets/Scripts/Otros Scripts/Delia/AtravesablePlatform.cs using Guid(9c62fa8508dae6a42bb6cf2533bac651) Importer(815301076,1909f56bfc062723c751e8b465ee728b)  -> (artifact id: '0b870937f943f6aa9bbd60f4265d4a74') in 0.011108 seconds 
========================================================================
Received Prepare
Registering precompiled user dll's ...
Registered in 0.010659 seconds.
Begin MonoManager ReloadAssembly
Symbol file LoadedFromMemory doesn't match image C:\Users\Jose Gi\Desktop\GitHub\Fighter2D_Grupo_3\Fighter2D_Grupo_3_Unity\Library\PackageCache\com.unity.visualscripting@1.6.1\Editor\VisualScripting.Core\Dependencies\YamlDotNet\Unity.VisualScripting.YamlDotNet.dll
Symbol file LoadedFromMemory doesn't match image C:\Users\Jose Gi\Desktop\GitHub\Fighter2D_Grupo_3\Fighter2D_Grupo_3_Unity\Library\PackageCache\com.unity.visualscripting@1.6.1\Editor\VisualScripting.Core\Dependencies\DotNetZip\Unity.VisualScripting.IonicZip.dll
Native extension for WindowsStandalone target not found
Refreshing native plugins compatible for Editor in 1.15 ms, found 4 plugins.
Preloading 0 native plugins for Editor in 0.00 ms.
Mono: successfully reloaded assembly
- Completed reload, in  2.014 seconds
Domain Reload Profiling:
	ReloadAssembly (2015ms)
		BeginReloadAssembly (198ms)
			ExecutionOrderSort (0ms)
			DisableScriptedObjects (35ms)
			BackupInstance (0ms)
			ReleaseScriptingObjects (0ms)
			CreateAndSetChildDomain (63ms)
		EndReloadAssembly (1728ms)
			LoadAssemblies (166ms)
			RebuildTransferFunctionScriptingTraits (0ms)
			SetupTypeCache (625ms)
			ReleaseScriptCaches (2ms)
			RebuildScriptCaches (70ms)
			SetupLoadedEditorAssemblies (702ms)
				LogAssemblyErrors (0ms)
				InitializePlatformSupportModulesInManaged (7ms)
				SetLoadedEditorAssemblies (1ms)
				RefreshPlugins (1ms)
				BeforeProcessingInitializeOnLoad (144ms)
				ProcessInitializeOnLoadAttributes (517ms)
				ProcessInitializeOnLoadMethodAttributes (28ms)
				AfterProcessingInitializeOnLoad (4ms)
				EditorAssembliesLoaded (0ms)
			ExecutionOrderSort2 (0ms)
			AwakeInstancesAfterBackupRestoration (21ms)
Platform modules already initialized, skipping
Refreshing native plugins compatible for Editor in 1.00 ms, found 4 plugins.
Preloading 0 native plugins for Editor in 0.00 ms.
Unloading 3773 Unused Serialized files (Serialized files now loaded: 0)
System memory in use before: 144.7 MB.
System memory in use after: 144.9 MB.

Unloading 21 unused Assets to reduce memory usage. Loaded Objects now: 4277.
Total: 4.897500 ms (FindLiveObjects: 0.314800 ms CreateObjectMapping: 0.173300 ms MarkObjects: 4.380600 ms  DeleteObjects: 0.027100 ms)

AssetImportParameters requested are different than current active one (requested -> active):
  custom:framework-win-MediaFoundation: 216162199b28c13a410421893ffa2e32 -> 
  custom:video-decoder-ogg-theora: a1e56fd34408186e4bbccfd4996cb3dc -> 
  custom:container-muxer-webm: aa71ff27fc2769a1b78a27578f13a17b -> 
  custom:container-demuxer-webm: 4f35f7cbe854078d1ac9338744f61a02 -> 
  custom:container-demuxer-ogg: 62fdf1f143b41e24485cea50d1cbac27 -> 
  custom:video-encoder-webm-vp8: eb34c28f22e8b96e1ab97ce403110664 -> 
  custom:video-decoder-webm-vp8: 9c59270c3fd7afecdb556c50c9e8de78 -> 
  custom:audio-decoder-ogg-vorbis: bf7c407c2cedff20999df2af8eb42d56 -> 
  custom:audio-encoder-webm-vorbis: bf7c407c2cedff20999df2af8eb42d56 -> 
========================================================================
Received Prepare
Registering precompiled user dll's ...
Registered in 0.010960 seconds.
Begin MonoManager ReloadAssembly
Symbol file LoadedFromMemory doesn't match image C:\Users\Jose Gi\Desktop\GitHub\Fighter2D_Grupo_3\Fighter2D_Grupo_3_Unity\Library\PackageCache\com.unity.visualscripting@1.6.1\Editor\VisualScripting.Core\Dependencies\YamlDotNet\Unity.VisualScripting.YamlDotNet.dll
Symbol file LoadedFromMemory doesn't match image C:\Users\Jose Gi\Desktop\GitHub\Fighter2D_Grupo_3\Fighter2D_Grupo_3_Unity\Library\PackageCache\com.unity.visualscripting@1.6.1\Editor\VisualScripting.Core\Dependencies\DotNetZip\Unity.VisualScripting.IonicZip.dll
Native extension for WindowsStandalone target not found
Refreshing native plugins compatible for Editor in 1.06 ms, found 4 plugins.
Preloading 0 native plugins for Editor in 0.00 ms.
Mono: successfully reloaded assembly
- Completed reload, in  1.935 seconds
Domain Reload Profiling:
	ReloadAssembly (1936ms)
		BeginReloadAssembly (269ms)
			ExecutionOrderSort (0ms)
			DisableScriptedObjects (27ms)
			BackupInstance (0ms)
			ReleaseScriptingObjects (0ms)
			CreateAndSetChildDomain (110ms)
		EndReloadAssembly (1586ms)
			LoadAssemblies (159ms)
			RebuildTransferFunctionScriptingTraits (0ms)
			SetupTypeCache (546ms)
			ReleaseScriptCaches (2ms)
			RebuildScriptCaches (71ms)
			SetupLoadedEditorAssemblies (606ms)
				LogAssemblyErrors (0ms)
				InitializePlatformSupportModulesInManaged (7ms)
				SetLoadedEditorAssemblies (1ms)
				RefreshPlugins (1ms)
				BeforeProcessingInitializeOnLoad (132ms)
				ProcessInitializeOnLoadAttributes (436ms)
				ProcessInitializeOnLoadMethodAttributes (25ms)
				AfterProcessingInitializeOnLoad (4ms)
				EditorAssembliesLoaded (0ms)
			ExecutionOrderSort2 (0ms)
			AwakeInstancesAfterBackupRestoration (21ms)
Platform modules already initialized, skipping
Refreshing native plugins compatible for Editor in 1.00 ms, found 4 plugins.
Preloading 0 native plugins for Editor in 0.00 ms.
Unloading 3773 Unused Serialized files (Serialized files now loaded: 0)
System memory in use before: 144.7 MB.
System memory in use after: 144.9 MB.

Unloading 21 unused Assets to reduce memory usage. Loaded Objects now: 4280.
Total: 5.085100 ms (FindLiveObjects: 0.331200 ms CreateObjectMapping: 0.185600 ms MarkObjects: 4.537300 ms  DeleteObjects: 0.029300 ms)

AssetImportParameters requested are different than current active one (requested -> active):
  custom:framework-win-MediaFoundation: 216162199b28c13a410421893ffa2e32 -> 
  custom:video-decoder-ogg-theora: a1e56fd34408186e4bbccfd4996cb3dc -> 
  custom:container-muxer-webm: aa71ff27fc2769a1b78a27578f13a17b -> 
  custom:container-demuxer-webm: 4f35f7cbe854078d1ac9338744f61a02 -> 
  custom:container-demuxer-ogg: 62fdf1f143b41e24485cea50d1cbac27 -> 
  custom:video-encoder-webm-vp8: eb34c28f22e8b96e1ab97ce403110664 -> 
  custom:video-decoder-webm-vp8: 9c59270c3fd7afecdb556c50c9e8de78 -> 
  custom:audio-decoder-ogg-vorbis: bf7c407c2cedff20999df2af8eb42d56 -> 
  custom:audio-encoder-webm-vorbis: bf7c407c2cedff20999df2af8eb42d56 -> 
AssetImportWorkerClient::OnTransportError - code=2 error=End of file
