Using pre-set license
Built from '2021.1/staging' branch; Version is '2021.1.27f1 (7e296a84045d) revision 8268138'; Using compiler version '192528614'; Build Type 'Release'
OS: 'Windows 10 Home; OS build 19042.1288; Version 2009; 64bit' Language: 'es' Physical Memory: 32620 MB
BatchMode: 1, IsHumanControllingUs: 0, StartBugReporterOnCrash: 0, Is64bit: 1, IsPro: 0

COMMAND LINE ARGUMENTS:
C:\Program Files\Unity\Hub\Editor\2021.1.27f1\Editor\Unity.exe
-adb2
-batchMode
-noUpm
-name
AssetImportWorker1
-projectPath
C:/Users/Al/Documents/GitHub/Fighter2D_Grupo_3/Fighter2D_Grupo_3_Unity
-logFile
Logs/AssetImportWorker1.log
-srvPort
49699
Successfully changed project path to: C:/Users/Al/Documents/GitHub/Fighter2D_Grupo_3/Fighter2D_Grupo_3_Unity
C:/Users/Al/Documents/GitHub/Fighter2D_Grupo_3/Fighter2D_Grupo_3_Unity
Using Asset Import Pipeline V2.
Refreshing native plugins compatible for Editor in 132.15 ms, found 4 plugins.
Preloading 0 native plugins for Editor in 0.00 ms.
Initialize engine version: 2021.1.27f1 (7e296a84045d)
[Subsystems] Discovering subsystems at path C:/Program Files/Unity/Hub/Editor/2021.1.27f1/Editor/Data/Resources/UnitySubsystems
[Subsystems] Discovering subsystems at path C:/Users/Al/Documents/GitHub/Fighter2D_Grupo_3/Fighter2D_Grupo_3_Unity/Assets
GfxDevice: creating device client; threaded=0; jobified=0
Direct3D:
    Version:  Direct3D 11.0 [level 11.1]
    Renderer: NVIDIA GeForce RTX 2070 Super (ID=0x1ed1)
    Vendor:   NVIDIA
    VRAM:     8011 MB
    Driver:   30.0.14.7212
Initialize mono
Mono path[0] = 'C:/Program Files/Unity/Hub/Editor/2021.1.27f1/Editor/Data/Managed'
Mono path[1] = 'C:/Program Files/Unity/Hub/Editor/2021.1.27f1/Editor/Data/MonoBleedingEdge/lib/mono/unityjit'
Mono config path = 'C:/Program Files/Unity/Hub/Editor/2021.1.27f1/Editor/Data/MonoBleedingEdge/etc'
Using monoOptions --debugger-agent=transport=dt_socket,embedding=1,server=y,suspend=n,address=127.0.0.1:56040
Begin MonoManager ReloadAssembly
Registering precompiled unity dll's ...
Register platform support module: C:/Program Files/Unity/Hub/Editor/2021.1.27f1/Editor/Data/PlaybackEngines/WindowsStandaloneSupport/UnityEditor.WindowsStandalone.Extensions.dll
Registered in 0.002223 seconds.
Native extension for WindowsStandalone target not found
Refreshing native plugins compatible for Editor in 131.18 ms, found 4 plugins.
Preloading 0 native plugins for Editor in 0.00 ms.
Mono: successfully reloaded assembly
- Completed reload, in  1.523 seconds
Domain Reload Profiling:
	ReloadAssembly (1523ms)
		BeginReloadAssembly (80ms)
			ExecutionOrderSort (0ms)
			DisableScriptedObjects (0ms)
			BackupInstance (0ms)
			ReleaseScriptingObjects (0ms)
			CreateAndSetChildDomain (1ms)
		EndReloadAssembly (641ms)
			LoadAssemblies (77ms)
			RebuildTransferFunctionScriptingTraits (0ms)
			SetupTypeCache (213ms)
			ReleaseScriptCaches (0ms)
			RebuildScriptCaches (39ms)
			SetupLoadedEditorAssemblies (329ms)
				LogAssemblyErrors (0ms)
				InitializePlatformSupportModulesInManaged (8ms)
				SetLoadedEditorAssemblies (0ms)
				RefreshPlugins (131ms)
				BeforeProcessingInitializeOnLoad (2ms)
				ProcessInitializeOnLoadAttributes (152ms)
				ProcessInitializeOnLoadMethodAttributes (36ms)
				AfterProcessingInitializeOnLoad (0ms)
				EditorAssembliesLoaded (0ms)
			ExecutionOrderSort2 (0ms)
			AwakeInstancesAfterBackupRestoration (0ms)
Platform modules already initialized, skipping
Registering precompiled user dll's ...
Registered in 0.007866 seconds.
Begin MonoManager ReloadAssembly
Symbol file LoadedFromMemory doesn't match image C:\Users\Al\Documents\GitHub\Fighter2D_Grupo_3\Fighter2D_Grupo_3_Unity\Library\PackageCache\com.unity.visualscripting@1.6.1\Editor\VisualScripting.Core\Dependencies\YamlDotNet\Unity.VisualScripting.YamlDotNet.dll
Symbol file LoadedFromMemory doesn't match image C:\Users\Al\Documents\GitHub\Fighter2D_Grupo_3\Fighter2D_Grupo_3_Unity\Library\PackageCache\com.unity.visualscripting@1.6.1\Editor\VisualScripting.Core\Dependencies\DotNetZip\Unity.VisualScripting.IonicZip.dll
Native extension for WindowsStandalone target not found
Refreshing native plugins compatible for Editor in 130.02 ms, found 4 plugins.
Preloading 0 native plugins for Editor in 0.00 ms.
Mono: successfully reloaded assembly
- Completed reload, in  6.394 seconds
Domain Reload Profiling:
	ReloadAssembly (6394ms)
		BeginReloadAssembly (200ms)
			ExecutionOrderSort (0ms)
			DisableScriptedObjects (6ms)
			BackupInstance (0ms)
			ReleaseScriptingObjects (0ms)
			CreateAndSetChildDomain (24ms)
		EndReloadAssembly (6120ms)
			LoadAssemblies (3122ms)
			RebuildTransferFunctionScriptingTraits (0ms)
			SetupTypeCache (1187ms)
			ReleaseScriptCaches (1ms)
			RebuildScriptCaches (74ms)
			SetupLoadedEditorAssemblies (1602ms)
				LogAssemblyErrors (0ms)
				InitializePlatformSupportModulesInManaged (5ms)
				SetLoadedEditorAssemblies (0ms)
				RefreshPlugins (130ms)
				BeforeProcessingInitializeOnLoad (119ms)
				ProcessInitializeOnLoadAttributes (526ms)
				ProcessInitializeOnLoadMethodAttributes (813ms)
				AfterProcessingInitializeOnLoad (9ms)
				EditorAssembliesLoaded (0ms)
			ExecutionOrderSort2 (0ms)
			AwakeInstancesAfterBackupRestoration (10ms)
Platform modules already initialized, skipping
========================================================================
Worker process is ready to serve import requests
Launched and connected shader compiler UnityShaderCompiler.exe after 0.12 seconds
Refreshing native plugins compatible for Editor in 0.88 ms, found 4 plugins.
Preloading 0 native plugins for Editor in 0.00 ms.
Unloading 3798 Unused Serialized files (Serialized files now loaded: 0)
System memory in use before: 141.7 MB.
System memory in use after: 141.9 MB.

Unloading 33 unused Assets to reduce memory usage. Loaded Objects now: 4246.
Total: 5.399800 ms (FindLiveObjects: 0.407300 ms CreateObjectMapping: 0.343100 ms MarkObjects: 4.572100 ms  DeleteObjects: 0.075900 ms)

AssetImportParameters requested are different than current active one (requested -> active):
  custom:framework-win-MediaFoundation: 216162199b28c13a410421893ffa2e32 -> 
  custom:video-decoder-ogg-theora: a1e56fd34408186e4bbccfd4996cb3dc -> 
  custom:container-muxer-webm: aa71ff27fc2769a1b78a27578f13a17b -> 
  custom:container-demuxer-webm: 4f35f7cbe854078d1ac9338744f61a02 -> 
  custom:container-demuxer-ogg: 62fdf1f143b41e24485cea50d1cbac27 -> 
  custom:video-encoder-webm-vp8: eb34c28f22e8b96e1ab97ce403110664 -> 
  custom:video-codec-MediaFoundation-h265: 746d11721c4dcdbdad8f713fa42b33f4 -> 
  custom:video-decoder-webm-vp8: 9c59270c3fd7afecdb556c50c9e8de78 -> 
  custom:audio-decoder-ogg-vorbis: bf7c407c2cedff20999df2af8eb42d56 -> 
  custom:audio-encoder-webm-vorbis: bf7c407c2cedff20999df2af8eb42d56 -> 
========================================================================
Received Import Request.
  path: Assets/Sprites/spr_Idle.png
  artifactKey: Guid(ee541375522f5204eb1881a57e39d048) Importer(815301076,1909f56bfc062723c751e8b465ee728b)
Start importing Assets/Sprites/spr_Idle.png using Guid(ee541375522f5204eb1881a57e39d048) Importer(815301076,1909f56bfc062723c751e8b465ee728b)  -> (artifact id: '8037a490794ee41823c96719ac5f064e') in 0.166585 seconds 
========================================================================
Received Import Request.
  Time since last request: 248.341302 seconds.
  path: Assets/Sprites/spr_HeavyAttack.png
  artifactKey: Guid(09ce440ceca41d34fa497edda07b395e) Importer(815301076,1909f56bfc062723c751e8b465ee728b)
Start importing Assets/Sprites/spr_HeavyAttack.png using Guid(09ce440ceca41d34fa497edda07b395e) Importer(815301076,1909f56bfc062723c751e8b465ee728b)  -> (artifact id: '2799e1b177618dc78f29553ee4a3c190') in 0.026857 seconds 
========================================================================
Received Import Request.
  Time since last request: 0.000437 seconds.
  path: Assets/Sprites/spr_SoftAttack.png
  artifactKey: Guid(a7834b5791f3b65469af919f913be876) Importer(815301076,1909f56bfc062723c751e8b465ee728b)
Start importing Assets/Sprites/spr_SoftAttack.png using Guid(a7834b5791f3b65469af919f913be876) Importer(815301076,1909f56bfc062723c751e8b465ee728b)  -> (artifact id: 'c6235e3ad557a971745d9a6da58aff9d') in 0.031568 seconds 
========================================================================
Received Import Request.
  Time since last request: 28.089032 seconds.
  path: Assets/Sprites/spr_HeavyAttack.png
  artifactKey: Guid(09ce440ceca41d34fa497edda07b395e) Importer(815301076,1909f56bfc062723c751e8b465ee728b)
Start importing Assets/Sprites/spr_HeavyAttack.png using Guid(09ce440ceca41d34fa497edda07b395e) Importer(815301076,1909f56bfc062723c751e8b465ee728b)  -> (artifact id: 'c3700b0eeee6186663d1ba7e7156f9e1') in 0.019643 seconds 
========================================================================
Received Import Request.
  Time since last request: 78.534683 seconds.
  path: Assets/Sprites/spr_HeavyAttack.png
  artifactKey: Guid(09ce440ceca41d34fa497edda07b395e) Importer(815301076,1909f56bfc062723c751e8b465ee728b)
Start importing Assets/Sprites/spr_HeavyAttack.png using Guid(09ce440ceca41d34fa497edda07b395e) Importer(815301076,1909f56bfc062723c751e8b465ee728b)  -> (artifact id: 'c0a9be5f22ce2a6ed846005395c4c4d2') in 0.043071 seconds 
========================================================================
Received Import Request.
  Time since last request: 23.105560 seconds.
  path: Assets/Sprites/spr_Idle.png
  artifactKey: Guid(ee541375522f5204eb1881a57e39d048) Importer(815301076,1909f56bfc062723c751e8b465ee728b)
Start importing Assets/Sprites/spr_Idle.png using Guid(ee541375522f5204eb1881a57e39d048) Importer(815301076,1909f56bfc062723c751e8b465ee728b)  -> (artifact id: '90ea43e81318213ba14b3b98a3939658') in 0.021947 seconds 
========================================================================
Received Import Request.
  Time since last request: 26.672134 seconds.
  path: Assets/Sprites/spr_Idle.png
  artifactKey: Guid(ee541375522f5204eb1881a57e39d048) Importer(815301076,1909f56bfc062723c751e8b465ee728b)
Start importing Assets/Sprites/spr_Idle.png using Guid(ee541375522f5204eb1881a57e39d048) Importer(815301076,1909f56bfc062723c751e8b465ee728b)  -> (artifact id: 'd5c0c1d01d0f62adc2b515f1a0879238') in 0.043839 seconds 
========================================================================
Received Import Request.
  Time since last request: 23.080972 seconds.
  path: Assets/Sprites/spr_SoftAttack.png
  artifactKey: Guid(a7834b5791f3b65469af919f913be876) Importer(815301076,1909f56bfc062723c751e8b465ee728b)
Start importing Assets/Sprites/spr_SoftAttack.png using Guid(a7834b5791f3b65469af919f913be876) Importer(815301076,1909f56bfc062723c751e8b465ee728b)  -> (artifact id: '235c75414d38ef9ac8f948d260591dad') in 0.036174 seconds 
========================================================================
Received Import Request.
  Time since last request: 133.984122 seconds.
  path: Assets/Sprites/spr_Hurt.png
  artifactKey: Guid(8b85145c4bb18ff40a95161764f5b1c7) Importer(815301076,1909f56bfc062723c751e8b465ee728b)
Start importing Assets/Sprites/spr_Hurt.png using Guid(8b85145c4bb18ff40a95161764f5b1c7) Importer(815301076,1909f56bfc062723c751e8b465ee728b)  -> (artifact id: '34983dfc4bd7ec9b4a689a823411cb24') in 0.036843 seconds 
========================================================================
Received Import Request.
  Time since last request: 0.000248 seconds.
  path: Assets/Sprites/spr_SoftAttack.png
  artifactKey: Guid(a7834b5791f3b65469af919f913be876) Importer(815301076,1909f56bfc062723c751e8b465ee728b)
Start importing Assets/Sprites/spr_SoftAttack.png using Guid(a7834b5791f3b65469af919f913be876) Importer(815301076,1909f56bfc062723c751e8b465ee728b)  -> (artifact id: '7aa609dd27689ddc6c2a9232e46df9a4') in 0.018249 seconds 
========================================================================
Received Import Request.
  Time since last request: 43.675553 seconds.
  path: Assets/Sprites/spr_SoftAttack.png
  artifactKey: Guid(a7834b5791f3b65469af919f913be876) Importer(815301076,1909f56bfc062723c751e8b465ee728b)
Start importing Assets/Sprites/spr_SoftAttack.png using Guid(a7834b5791f3b65469af919f913be876) Importer(815301076,1909f56bfc062723c751e8b465ee728b)  -> (artifact id: 'e0d02bdbd4e86a005e9d0c6782916c7f') in 0.034439 seconds 
